<?xml version="1.0" encoding="UTF-8"?>
<testsuite xmlns:xsi="http://www.w3.org/2001/XMLSchema-instance" xsi:noNamespaceSchemaLocation="https://maven.apache.org/surefire/maven-surefire-plugin/xsd/surefire-test-report-3.0.xsd" version="3.0" name="TestSuite" time="288.494" tests="10" errors="0" skipped="0" failures="0">
  <properties>
    <property name="sun.desktop" value="windows"/>
    <property name="awt.toolkit" value="sun.awt.windows.WToolkit"/>
    <property name="file.encoding.pkg" value="sun.io"/>
    <property name="java.specification.version" value="1.8"/>
    <property name="webdriver.chrome.driver" value="C:\chromenew1\chromedriver.exe"/>
    <property name="sun.cpu.isalist" value="amd64"/>
    <property name="sun.jnu.encoding" value="Cp1252"/>
    <property name="java.class.path" value="C:\Users\NITIN\eclipse-workspace\Question1\target\test-classes;C:\Users\NITIN\eclipse-workspace\Question1\target\classes;C:\Users\NITIN\.m2\repository\org\seleniumhq\selenium\selenium-java\3.141.59\selenium-java-3.141.59.jar;C:\Users\NITIN\.m2\repository\org\seleniumhq\selenium\selenium-api\3.141.59\selenium-api-3.141.59.jar;C:\Users\NITIN\.m2\repository\org\seleniumhq\selenium\selenium-chrome-driver\3.141.59\selenium-chrome-driver-3.141.59.jar;C:\Users\NITIN\.m2\repository\org\seleniumhq\selenium\selenium-edge-driver\3.141.59\selenium-edge-driver-3.141.59.jar;C:\Users\NITIN\.m2\repository\org\seleniumhq\selenium\selenium-firefox-driver\3.141.59\selenium-firefox-driver-3.141.59.jar;C:\Users\NITIN\.m2\repository\org\seleniumhq\selenium\selenium-ie-driver\3.141.59\selenium-ie-driver-3.141.59.jar;C:\Users\NITIN\.m2\repository\org\seleniumhq\selenium\selenium-opera-driver\3.141.59\selenium-opera-driver-3.141.59.jar;C:\Users\NITIN\.m2\repository\org\seleniumhq\selenium\selenium-remote-driver\3.141.59\selenium-remote-driver-3.141.59.jar;C:\Users\NITIN\.m2\repository\org\seleniumhq\selenium\selenium-safari-driver\3.141.59\selenium-safari-driver-3.141.59.jar;C:\Users\NITIN\.m2\repository\org\seleniumhq\selenium\selenium-support\3.141.59\selenium-support-3.141.59.jar;C:\Users\NITIN\.m2\repository\net\bytebuddy\byte-buddy\1.8.15\byte-buddy-1.8.15.jar;C:\Users\NITIN\.m2\repository\org\apache\commons\commons-exec\1.3\commons-exec-1.3.jar;C:\Users\NITIN\.m2\repository\com\google\guava\guava\25.0-jre\guava-25.0-jre.jar;C:\Users\NITIN\.m2\repository\com\google\code\findbugs\jsr305\1.3.9\jsr305-1.3.9.jar;C:\Users\NITIN\.m2\repository\org\checkerframework\checker-compat-qual\2.0.0\checker-compat-qual-2.0.0.jar;C:\Users\NITIN\.m2\repository\com\google\errorprone\error_prone_annotations\2.1.3\error_prone_annotations-2.1.3.jar;C:\Users\NITIN\.m2\repository\com\google\j2objc\j2objc-annotations\1.1\j2objc-annotations-1.1.jar;C:\Users\NITIN\.m2\repository\org\codehaus\mojo\animal-sniffer-annotations\1.14\animal-sniffer-annotations-1.14.jar;C:\Users\NITIN\.m2\repository\com\squareup\okhttp3\okhttp\3.11.0\okhttp-3.11.0.jar;C:\Users\NITIN\.m2\repository\com\squareup\okio\okio\1.14.0\okio-1.14.0.jar;C:\Users\NITIN\.m2\repository\org\testng\testng\6.14.3\testng-6.14.3.jar;C:\Users\NITIN\.m2\repository\com\beust\jcommander\1.72\jcommander-1.72.jar;C:\Users\NITIN\.m2\repository\org\apache-extras\beanshell\bsh\2.0b6\bsh-2.0b6.jar;C:\Users\NITIN\.m2\repository\commons-io\commons-io\2.6\commons-io-2.6.jar;C:\Users\NITIN\.m2\repository\org\apache\directory\studio\org.apache.commons.io\2.4\org.apache.commons.io-2.4.jar;C:\Users\NITIN\.m2\repository\org\apache\poi\poi\4.1.2\poi-4.1.2.jar;C:\Users\NITIN\.m2\repository\commons-codec\commons-codec\1.13\commons-codec-1.13.jar;C:\Users\NITIN\.m2\repository\org\apache\commons\commons-collections4\4.4\commons-collections4-4.4.jar;C:\Users\NITIN\.m2\repository\org\apache\commons\commons-math3\3.6.1\commons-math3-3.6.1.jar;C:\Users\NITIN\.m2\repository\com\zaxxer\SparseBitSet\1.2\SparseBitSet-1.2.jar;C:\Users\NITIN\.m2\repository\org\apache\poi\poi-ooxml\4.1.2\poi-ooxml-4.1.2.jar;C:\Users\NITIN\.m2\repository\org\apache\poi\poi-ooxml-schemas\4.1.2\poi-ooxml-schemas-4.1.2.jar;C:\Users\NITIN\.m2\repository\org\apache\xmlbeans\xmlbeans\3.1.0\xmlbeans-3.1.0.jar;C:\Users\NITIN\.m2\repository\org\apache\commons\commons-compress\1.19\commons-compress-1.19.jar;C:\Users\NITIN\.m2\repository\com\github\virtuald\curvesapi\1.06\curvesapi-1.06.jar;C:\Users\NITIN\.m2\repository\log4j\log4j\1.2.17\log4j-1.2.17.jar;C:\Users\NITIN\.m2\repository\com\aventstack\extentreports\5.0.1\extentreports-5.0.1.jar;C:\Users\NITIN\.m2\repository\io\reactivex\rxjava3\rxjava\3.0.4\rxjava-3.0.4.jar;C:\Users\NITIN\.m2\repository\org\reactivestreams\reactive-streams\1.0.3\reactive-streams-1.0.3.jar;C:\Users\NITIN\.m2\repository\org\freemarker\freemarker\2.3.30\freemarker-2.3.30.jar;C:\Users\NITIN\.m2\repository\org\projectlombok\lombok\1.18.12\lombok-1.18.12.jar;C:\Users\NITIN\.m2\repository\com\google\code\gson\gson\2.8.6\gson-2.8.6.jar;"/>
    <property name="java.vm.vendor" value="Oracle Corporation"/>
    <property name="sun.arch.data.model" value="64"/>
    <property name="user.variant" value=""/>
    <property name="java.vendor.url" value="http://java.oracle.com/"/>
    <property name="user.timezone" value="Asia/Calcutta"/>
    <property name="java.vm.specification.version" value="1.8"/>
    <property name="os.name" value="Windows 10"/>
    <property name="user.country" value="IN"/>
    <property name="sun.java.launcher" value="SUN_STANDARD"/>
    <property name="sun.boot.library.path" value="C:\Program Files\Java\jdk1.8.0_202\jre\bin"/>
    <property name="sun.java.command" value="C:\Users\NITIN\AppData\Local\Temp\surefire5522501787273918490\surefirebooter5172037999997154006.jar C:\Users\NITIN\AppData\Local\Temp\surefire5522501787273918490 2021-11-20T12-45-37_437-jvmRun1 surefire2881825478463433320tmp surefire_03701099943543866227tmp"/>
    <property name="surefire.test.class.path" value="C:\Users\NITIN\eclipse-workspace\Question1\target\test-classes;C:\Users\NITIN\eclipse-workspace\Question1\target\classes;C:\Users\NITIN\.m2\repository\org\seleniumhq\selenium\selenium-java\3.141.59\selenium-java-3.141.59.jar;C:\Users\NITIN\.m2\repository\org\seleniumhq\selenium\selenium-api\3.141.59\selenium-api-3.141.59.jar;C:\Users\NITIN\.m2\repository\org\seleniumhq\selenium\selenium-chrome-driver\3.141.59\selenium-chrome-driver-3.141.59.jar;C:\Users\NITIN\.m2\repository\org\seleniumhq\selenium\selenium-edge-driver\3.141.59\selenium-edge-driver-3.141.59.jar;C:\Users\NITIN\.m2\repository\org\seleniumhq\selenium\selenium-firefox-driver\3.141.59\selenium-firefox-driver-3.141.59.jar;C:\Users\NITIN\.m2\repository\org\seleniumhq\selenium\selenium-ie-driver\3.141.59\selenium-ie-driver-3.141.59.jar;C:\Users\NITIN\.m2\repository\org\seleniumhq\selenium\selenium-opera-driver\3.141.59\selenium-opera-driver-3.141.59.jar;C:\Users\NITIN\.m2\repository\org\seleniumhq\selenium\selenium-remote-driver\3.141.59\selenium-remote-driver-3.141.59.jar;C:\Users\NITIN\.m2\repository\org\seleniumhq\selenium\selenium-safari-driver\3.141.59\selenium-safari-driver-3.141.59.jar;C:\Users\NITIN\.m2\repository\org\seleniumhq\selenium\selenium-support\3.141.59\selenium-support-3.141.59.jar;C:\Users\NITIN\.m2\repository\net\bytebuddy\byte-buddy\1.8.15\byte-buddy-1.8.15.jar;C:\Users\NITIN\.m2\repository\org\apache\commons\commons-exec\1.3\commons-exec-1.3.jar;C:\Users\NITIN\.m2\repository\com\google\guava\guava\25.0-jre\guava-25.0-jre.jar;C:\Users\NITIN\.m2\repository\com\google\code\findbugs\jsr305\1.3.9\jsr305-1.3.9.jar;C:\Users\NITIN\.m2\repository\org\checkerframework\checker-compat-qual\2.0.0\checker-compat-qual-2.0.0.jar;C:\Users\NITIN\.m2\repository\com\google\errorprone\error_prone_annotations\2.1.3\error_prone_annotations-2.1.3.jar;C:\Users\NITIN\.m2\repository\com\google\j2objc\j2objc-annotations\1.1\j2objc-annotations-1.1.jar;C:\Users\NITIN\.m2\repository\org\codehaus\mojo\animal-sniffer-annotations\1.14\animal-sniffer-annotations-1.14.jar;C:\Users\NITIN\.m2\repository\com\squareup\okhttp3\okhttp\3.11.0\okhttp-3.11.0.jar;C:\Users\NITIN\.m2\repository\com\squareup\okio\okio\1.14.0\okio-1.14.0.jar;C:\Users\NITIN\.m2\repository\org\testng\testng\6.14.3\testng-6.14.3.jar;C:\Users\NITIN\.m2\repository\com\beust\jcommander\1.72\jcommander-1.72.jar;C:\Users\NITIN\.m2\repository\org\apache-extras\beanshell\bsh\2.0b6\bsh-2.0b6.jar;C:\Users\NITIN\.m2\repository\commons-io\commons-io\2.6\commons-io-2.6.jar;C:\Users\NITIN\.m2\repository\org\apache\directory\studio\org.apache.commons.io\2.4\org.apache.commons.io-2.4.jar;C:\Users\NITIN\.m2\repository\org\apache\poi\poi\4.1.2\poi-4.1.2.jar;C:\Users\NITIN\.m2\repository\commons-codec\commons-codec\1.13\commons-codec-1.13.jar;C:\Users\NITIN\.m2\repository\org\apache\commons\commons-collections4\4.4\commons-collections4-4.4.jar;C:\Users\NITIN\.m2\repository\org\apache\commons\commons-math3\3.6.1\commons-math3-3.6.1.jar;C:\Users\NITIN\.m2\repository\com\zaxxer\SparseBitSet\1.2\SparseBitSet-1.2.jar;C:\Users\NITIN\.m2\repository\org\apache\poi\poi-ooxml\4.1.2\poi-ooxml-4.1.2.jar;C:\Users\NITIN\.m2\repository\org\apache\poi\poi-ooxml-schemas\4.1.2\poi-ooxml-schemas-4.1.2.jar;C:\Users\NITIN\.m2\repository\org\apache\xmlbeans\xmlbeans\3.1.0\xmlbeans-3.1.0.jar;C:\Users\NITIN\.m2\repository\org\apache\commons\commons-compress\1.19\commons-compress-1.19.jar;C:\Users\NITIN\.m2\repository\com\github\virtuald\curvesapi\1.06\curvesapi-1.06.jar;C:\Users\NITIN\.m2\repository\log4j\log4j\1.2.17\log4j-1.2.17.jar;C:\Users\NITIN\.m2\repository\com\aventstack\extentreports\5.0.1\extentreports-5.0.1.jar;C:\Users\NITIN\.m2\repository\io\reactivex\rxjava3\rxjava\3.0.4\rxjava-3.0.4.jar;C:\Users\NITIN\.m2\repository\org\reactivestreams\reactive-streams\1.0.3\reactive-streams-1.0.3.jar;C:\Users\NITIN\.m2\repository\org\freemarker\freemarker\2.3.30\freemarker-2.3.30.jar;C:\Users\NITIN\.m2\repository\org\projectlombok\lombok\1.18.12\lombok-1.18.12.jar;C:\Users\NITIN\.m2\repository\com\google\code\gson\gson\2.8.6\gson-2.8.6.jar;"/>
    <property name="sun.cpu.endian" value="little"/>
    <property name="user.home" value="C:\Users\NITIN"/>
    <property name="user.language" value="en"/>
    <property name="java.specification.vendor" value="Oracle Corporation"/>
    <property name="java.home" value="C:\Program Files\Java\jdk1.8.0_202\jre"/>
    <property name="basedir" value="C:\Users\NITIN\eclipse-workspace\Question1"/>
    <property name="file.separator" value="\"/>
    <property name="line.separator" value="&#10;"/>
    <property name="java.vm.specification.vendor" value="Oracle Corporation"/>
    <property name="java.specification.name" value="Java Platform API Specification"/>
    <property name="java.awt.graphicsenv" value="sun.awt.Win32GraphicsEnvironment"/>
    <property name="surefire.real.class.path" value="C:\Users\NITIN\AppData\Local\Temp\surefire5522501787273918490\surefirebooter5172037999997154006.jar"/>
    <property name="sun.boot.class.path" value="C:\Program Files\Java\jdk1.8.0_202\jre\lib\resources.jar;C:\Program Files\Java\jdk1.8.0_202\jre\lib\rt.jar;C:\Program Files\Java\jdk1.8.0_202\jre\lib\sunrsasign.jar;C:\Program Files\Java\jdk1.8.0_202\jre\lib\jsse.jar;C:\Program Files\Java\jdk1.8.0_202\jre\lib\jce.jar;C:\Program Files\Java\jdk1.8.0_202\jre\lib\charsets.jar;C:\Program Files\Java\jdk1.8.0_202\jre\lib\jfr.jar;C:\Program Files\Java\jdk1.8.0_202\jre\classes"/>
    <property name="user.script" value=""/>
    <property name="sun.management.compiler" value="HotSpot 64-Bit Tiered Compilers"/>
    <property name="java.runtime.version" value="1.8.0_202-b08"/>
    <property name="user.name" value="NITIN"/>
    <property name="path.separator" value=";"/>
    <property name="os.version" value="10.0"/>
    <property name="java.endorsed.dirs" value="C:\Program Files\Java\jdk1.8.0_202\jre\lib\endorsed"/>
    <property name="java.runtime.name" value="Java(TM) SE Runtime Environment"/>
    <property name="file.encoding" value="Cp1252"/>
    <property name="java.vm.name" value="Java HotSpot(TM) 64-Bit Server VM"/>
    <property name="localRepository" value="C:\Users\NITIN\.m2\repository"/>
    <property name="java.vendor.url.bug" value="http://bugreport.sun.com/bugreport/"/>
    <property name="java.io.tmpdir" value="C:\Users\NITIN\AppData\Local\Temp\"/>
    <property name="java.version" value="1.8.0_202"/>
    <property name="user.dir" value="C:\Users\NITIN\eclipse-workspace\Question1"/>
    <property name="os.arch" value="amd64"/>
    <property name="java.vm.specification.name" value="Java Virtual Machine Specification"/>
    <property name="java.awt.printerjob" value="sun.awt.windows.WPrinterJob"/>
    <property name="sun.os.patch.level" value=""/>
    <property name="java.library.path" value="C:\Program Files\Java\jdk1.8.0_202\jre\bin;C:\WINDOWS\Sun\Java\bin;C:\WINDOWS\system32;C:\WINDOWS;C:/Users/NITIN/.p2/pool/plugins/org.eclipse.justj.openjdk.hotspot.jre.full.win32.x86_64_17.0.0.v20211012-1059/jre/bin/server;C:/Users/NITIN/.p2/pool/plugins/org.eclipse.justj.openjdk.hotspot.jre.full.win32.x86_64_17.0.0.v20211012-1059/jre/bin;C:\Program Files (x86)\Common Files\Oracle\Java\javapath;C:\WINDOWS\system32;C:\WINDOWS;C:\WINDOWS\System32\Wbem;C:\WINDOWS\System32\WindowsPowerShell\v1.0\;C:\WINDOWS\System32\OpenSSH\;C:\Program Files (x86)\Intel\Intel(R) Management Engine Components\DAL;C:\Program Files\Intel\Intel(R) Management Engine Components\DAL;C:\Program Files (x86)\Bitvise SSH Client;C:\CodeBlocks\MinGW\bin;C:\GnuWin32\bin;C:\Users\NITIN\AppData\Roaming\Microsoft\Windows\Start Menu\Programs\Python 3.8;C:\ProgramData\chocolatey\bin;C:\Program Files (x86)\Microsoft SQL Server\110\Tools\Binn\;C:\Program Files\Microsoft SQL Server\110\Tools\Binn\;C:\Program Files\Microsoft SQL Server\110\DTS\Binn\;C:\Program Files (x86)\Common Files\AspenTech Shared\;C:\Program Files\Java\jdk1.8.0_202\bin;%MAVEN_HOME%\bin;%MAVEN_HOME%\bin.;D:\maven\apache-maven-3.8.3\bin;C:\Program Files\Git\cmd;C:\Python37\Scripts\;C:\Python37\;C:\Users\NITIN\AppData\Local\Microsoft\WindowsApps;;C:\Program Files\JetBrains\PyCharm Community Edition 2019.3.4\bin;;C:\PyCharm 2019.3.4\bin;;AspenTech\Aspen Hydraulics;C:\Users\NITIN\eclipse\java-2021-09\eclipse;;."/>
    <property name="java.vm.info" value="mixed mode"/>
    <property name="java.vendor" value="Oracle Corporation"/>
    <property name="java.vm.version" value="25.202-b08"/>
    <property name="java.ext.dirs" value="C:\Program Files\Java\jdk1.8.0_202\jre\lib\ext;C:\WINDOWS\Sun\Java\lib\ext"/>
    <property name="sun.io.unicode.encoding" value="UnicodeLittle"/>
    <property name="java.class.version" value="52.0"/>
  </properties>
  <testcase name="coffee" classname="testCases.TC2_coffeeMug" time="50.692">
    <system-out><![CDATA[[TestNGContentHandler] [WARN] It is strongly recommended to add "<!DOCTYPE suite SYSTEM "http://testng.org/testng-1.0.dtd" >" at the top of your file, otherwise TestNG may fail or not work as expected.
2021.11.20.12.45.53-----------
Test-Report2021.11.20.12.45.53.html
2021-11-20 12:46:17,583 INFO TestCase 2 
2021-11-20 12:46:18,130 INFO Browser has been invoked 
2021-11-20 12:46:28,937 INFO Landed on Website home page 
2021-11-20 12:46:30,782 INFO Entered coffee mugs iin search bar 
2021-11-20 12:46:36,499 INFO clicked on enter 
2021-11-20 12:46:43,577 INFO Clicked on the coffee mug item 
2021-11-20 12:46:43,796 INFO Added Coffee mug to the cart 
]]></system-out>
    <system-err><![CDATA[log4j:WARN No such property [maxBackUpIndex] in utilities.log.
log4j:WARN No such property [maxFileSize] in utilities.log.
Starting ChromeDriver 96.0.4664.45 (76e4c1bb2ab4671b8beba3444e61c0f17584b2fc-refs/branch-heads/4664@{#947}) on port 5459
Only local connections are allowed.
Please see https://chromedriver.chromium.org/security-considerations for suggestions on keeping ChromeDriver safe.
ChromeDriver was started successfully.
Nov 20, 2021 12:46:17 PM org.openqa.selenium.remote.ProtocolHandshake createSession
INFO: Detected dialect: W3C
]]></system-err>
  </testcase>
  <testcase name="coffee" classname="testCases.TC3_Gifts" time="22.424">
    <system-out><![CDATA[2021.11.20.12.46.44-----------
Test-Report2021.11.20.12.46.44.html
2021-11-20 12:46:49,317 INFO TestCase 3 
2021-11-20 12:46:49,317 INFO Browser has been invoked 
2021-11-20 12:47:03,556 INFO landed on HomePage 
2021-11-20 12:47:03,558 INFO howered on gifts and clicked on Birthday Gifts 
]]></system-out>
    <system-err><![CDATA[TEST SUCCESS
Starting ChromeDriver 96.0.4664.45 (76e4c1bb2ab4671b8beba3444e61c0f17584b2fc-refs/branch-heads/4664@{#947}) on port 39615
Only local connections are allowed.
Please see https://chromedriver.chromium.org/security-considerations for suggestions on keeping ChromeDriver safe.
ChromeDriver was started successfully.
Nov 20, 2021 12:46:49 PM org.openqa.selenium.remote.ProtocolHandshake createSession
INFO: Detected dialect: W3C
]]></system-err>
  </testcase>
  <testcase name="GiftNote" classname="testCases.TC4_GiftNote" time="31.917">
    <system-out><![CDATA[2021.11.20.12.47.09-----------
Test-Report2021.11.20.12.47.09.html
2021-11-20 12:47:21,244 INFO TestCase 4 
2021-11-20 12:47:21,244 INFO browser has been invoked 
2021-11-20 12:47:28,454 INFO Landed on Webstie Homepage 
2021-11-20 12:47:31,876 INFO clicked on Christmas gifts 
2021-11-20 12:47:35,801 INFO Selected the required item 
2021-11-20 12:47:36,038 INFO Added the Item to the cart 
2021-11-20 12:47:41,146 INFO Added a gift note to it 
]]></system-out>
    <system-err><![CDATA[TEST SUCCESS
Starting ChromeDriver 96.0.4664.45 (76e4c1bb2ab4671b8beba3444e61c0f17584b2fc-refs/branch-heads/4664@{#947}) on port 3768
Only local connections are allowed.
Please see https://chromedriver.chromium.org/security-considerations for suggestions on keeping ChromeDriver safe.
ChromeDriver was started successfully.
Nov 20, 2021 12:47:21 PM org.openqa.selenium.remote.ProtocolHandshake createSession
INFO: Detected dialect: W3C
]]></system-err>
  </testcase>
  <testcase name="ChristmasGift" classname="testCases.TC5_pincode" time="22.16">
    <system-out><![CDATA[2021.11.20.12.47.45-----------
Test-Report2021.11.20.12.47.45.html
2021-11-20 12:47:49,731 INFO Test Case 5 
2021-11-20 12:47:49,731 INFO Browser has been invoked 
2021-11-20 12:48:00,517 INFO Landed on Website homepage 
2021-11-20 12:48:04,331 INFO clicked on Top 50 Category 
2021-11-20 12:48:07,043 INFO Selected the Item 
2021-11-20 12:48:07,361 INFO Entered the pincode 
2021-11-20 12:48:07,492 INFO Clicked on check 
]]></system-out>
    <system-err><![CDATA[TEST SUCCESS
Starting ChromeDriver 96.0.4664.45 (76e4c1bb2ab4671b8beba3444e61c0f17584b2fc-refs/branch-heads/4664@{#947}) on port 14140
Only local connections are allowed.
Please see https://chromedriver.chromium.org/security-considerations for suggestions on keeping ChromeDriver safe.
ChromeDriver was started successfully.
Nov 20, 2021 12:47:49 PM org.openqa.selenium.remote.ProtocolHandshake createSession
INFO: Detected dialect: W3C
]]></system-err>
  </testcase>
  <testcase name="coffee" classname="testCases.TC6_18BdayGift" time="15.719">
    <system-out><![CDATA[2021.11.20.12.48.11-----------
Test-Report2021.11.20.12.48.11.html
2021-11-20 12:48:13,439 INFO TesCase 6 
2021-11-20 12:48:13,439 INFO Browser has been invoked 
2021-11-20 12:48:22,748 INFO Landed on Website Homepage 
2021-11-20 12:48:23,321 INFO Hovered on Birthday gifts 
2021-11-20 12:48:27,450 INFO Hovered on 18th birthday gifts and clicked on it 
]]></system-out>
    <system-err><![CDATA[TEST SUCCESS
Starting ChromeDriver 96.0.4664.45 (76e4c1bb2ab4671b8beba3444e61c0f17584b2fc-refs/branch-heads/4664@{#947}) on port 38707
Only local connections are allowed.
Please see https://chromedriver.chromium.org/security-considerations for suggestions on keeping ChromeDriver safe.
ChromeDriver was started successfully.
Nov 20, 2021 12:48:13 PM org.openqa.selenium.remote.ProtocolHandshake createSession
INFO: Detected dialect: W3C
]]></system-err>
  </testcase>
  <testcase name="ChristmasGift" classname="testCases.TC7_Quantity" time="17.521">
    <system-out><![CDATA[2021.11.20.12.48.31-----------
Test-Report2021.11.20.12.48.31.html
2021-11-20 12:48:33,315 INFO TestCase 7 
2021-11-20 12:48:33,315 INFO Browser has been invoked 
2021-11-20 12:48:42,213 INFO landed on Website Homepage 
2021-11-20 12:48:44,976 INFO New Category 
2021-11-20 12:48:48,939 INFO Clicked on the item 
2021-11-20 12:48:49,198 INFO increased the quantity to 2 
]]></system-out>
    <system-err><![CDATA[TEST SUCCESS
Starting ChromeDriver 96.0.4664.45 (76e4c1bb2ab4671b8beba3444e61c0f17584b2fc-refs/branch-heads/4664@{#947}) on port 12983
Only local connections are allowed.
Please see https://chromedriver.chromium.org/security-considerations for suggestions on keeping ChromeDriver safe.
ChromeDriver was started successfully.
Nov 20, 2021 12:48:33 PM org.openqa.selenium.remote.ProtocolHandshake createSession
INFO: Detected dialect: W3C
]]></system-err>
  </testcase>
  <testcase name="AddGiftCard" classname="testCases.TC8_AddGiftCard" time="14.72">
    <system-out><![CDATA[2021.11.20.12.48.53-----------
Test-Report2021.11.20.12.48.53.html
2021-11-20 12:48:55,890 INFO Test case 8 
2021-11-20 12:48:55,891 INFO browser has been invoked 
2021-11-20 12:49:04,820 INFO landed on wesite homepage 
2021-11-20 12:49:07,659 INFO clicked on gift card 
2021-11-20 12:49:07,918 INFO selected the amount 
2021-11-20 12:49:08,092 INFO added the gift card to the cart 
]]></system-out>
    <system-err><![CDATA[TEST SUCCESS
Starting ChromeDriver 96.0.4664.45 (76e4c1bb2ab4671b8beba3444e61c0f17584b2fc-refs/branch-heads/4664@{#947}) on port 21638
Only local connections are allowed.
Please see https://chromedriver.chromium.org/security-considerations for suggestions on keeping ChromeDriver safe.
ChromeDriver was started successfully.
Nov 20, 2021 12:48:55 PM org.openqa.selenium.remote.ProtocolHandshake createSession
INFO: Detected dialect: W3C
]]></system-err>
  </testcase>
  <testcase name="TC9_wishList" classname="testCases.TC9_wishList" time="31.194">
    <system-out><![CDATA[2021.11.20.12.49.08-----------
Test-Report2021.11.20.12.49.08.html
2021-11-20 12:49:09,989 INFO test case 9 
2021-11-20 12:49:09,989 INFO Browser invoking done 
2021-11-20 12:49:20,446 INFO landed on Website Homepage 
2021-11-20 12:49:24,654 INFO landed on All of It page 
2021-11-20 12:49:38,562 INFO Selected the item 
2021-11-20 12:49:39,681 INFO added to wish list 
]]></system-out>
    <system-err><![CDATA[TEST SUCCESS
Starting ChromeDriver 96.0.4664.45 (76e4c1bb2ab4671b8beba3444e61c0f17584b2fc-refs/branch-heads/4664@{#947}) on port 7223
Only local connections are allowed.
Please see https://chromedriver.chromium.org/security-considerations for suggestions on keeping ChromeDriver safe.
ChromeDriver was started successfully.
Nov 20, 2021 12:49:09 PM org.openqa.selenium.remote.ProtocolHandshake createSession
INFO: Detected dialect: W3C
]]></system-err>
  </testcase>
  <testcase name="coffee" classname="testCases.TC10_shippingPolicy" time="23.113">
    <system-out><![CDATA[2021.11.20.12.49.44-----------
Test-Report2021.11.20.12.49.44.html
2021-11-20 12:49:47,400 INFO Test case 10 
2021-11-20 12:49:47,400 INFO browser has been invoked 
2021-11-20 12:50:03,276 INFO landed on website HomePage 
2021-11-20 12:50:07,343 INFO Clicked on the Shipping & deliver Policy link 
2021-11-20 12:50:07,577 INFO Got the heading 
2021-11-20 12:50:07,579 INFO Heading checking done 
Equal
]]></system-out>
    <system-err><![CDATA[TEST SUCCESS
Starting ChromeDriver 96.0.4664.45 (76e4c1bb2ab4671b8beba3444e61c0f17584b2fc-refs/branch-heads/4664@{#947}) on port 40795
Only local connections are allowed.
Please see https://chromedriver.chromium.org/security-considerations for suggestions on keeping ChromeDriver safe.
ChromeDriver was started successfully.
Nov 20, 2021 12:49:47 PM org.openqa.selenium.remote.ProtocolHandshake createSession
INFO: Detected dialect: W3C
]]></system-err>
  </testcase>
  <testcase name="corGifts[kavya, kavya@gmail.com, number, yes hello excuse me](1)" classname="testCases.TC11_corporateGifts" time="17.988">
    <system-out><![CDATA[0 4
2021.11.20.12.50.15-----------
Test-Report2021.11.20.12.50.15.html
2021-11-20 12:50:17,728 INFO Browser has been invoked 
2021-11-20 12:50:28,055 INFO Landed on website Homepage 
2021-11-20 12:50:32,964 INFO Clicked on Corporate Gift 
2021-11-20 12:50:33,187 INFO Entered the name 
2021-11-20 12:50:33,385 INFO Entered the Email 
2021-11-20 12:50:33,565 INFO Entered the number 
2021-11-20 12:50:33,938 INFO Entered the enquiry text 
]]></system-out>
    <system-err><![CDATA[TEST SUCCESS
Starting ChromeDriver 96.0.4664.45 (76e4c1bb2ab4671b8beba3444e61c0f17584b2fc-refs/branch-heads/4664@{#947}) on port 21452
Only local connections are allowed.
Please see https://chromedriver.chromium.org/security-considerations for suggestions on keeping ChromeDriver safe.
ChromeDriver was started successfully.
Nov 20, 2021 12:50:17 PM org.openqa.selenium.remote.ProtocolHandshake createSession
INFO: Detected dialect: W3C
]]></system-err>
  </testcase>
</testsuite>