<?xml version="1.0" encoding="UTF-8"?>
<!-- Generated by org.testng.reporters.JUnitReportReporter -->
<testsuite skipped="0" hostname="DESKTOP-ATUIG88" name="testCases.TC4_GiftNote" tests="1" failures="0" timestamp="20 Nov 2021 07:20:39 GMT" time="31.910" errors="0">
  <testcase name="GiftNote" time="31.910" classname="testCases.TC4_GiftNote"/>
</testsuite> <!-- testCases.TC4_GiftNote -->
