<?xml version="1.0" encoding="UTF-8"?>
<!-- Generated by org.testng.reporters.JUnitReportReporter -->
<testsuite skipped="0" hostname="DESKTOP-ATUIG88" name="testCases.TC7_Quantity" tests="1" failures="0" timestamp="20 Nov 2021 07:20:39 GMT" time="17.516" errors="0">
  <testcase name="ChristmasGift" time="17.516" classname="testCases.TC7_Quantity"/>
</testsuite> <!-- testCases.TC7_Quantity -->
