<?xml version="1.0" encoding="UTF-8"?>
<!-- Generated by org.testng.reporters.JUnitReportReporter -->
<testsuite skipped="0" hostname="DESKTOP-ATUIG88" name="testCases.TC11_corporateGifts" tests="1" failures="0" timestamp="20 Nov 2021 07:20:39 GMT" time="17.985" errors="0">
  <testcase name="corGifts" time="17.985" classname="testCases.TC11_corporateGifts"/>
</testsuite> <!-- testCases.TC11_corporateGifts -->
