<?xml version="1.0" encoding="UTF-8"?>
<!-- Generated by org.testng.reporters.JUnitReportReporter -->
<testsuite skipped="0" hostname="DESKTOP-ATUIG88" name="testCases.TC8_AddGiftCard" tests="1" failures="0" timestamp="20 Nov 2021 07:20:39 GMT" time="14.709" errors="0">
  <testcase name="AddGiftCard" time="14.709" classname="testCases.TC8_AddGiftCard"/>
</testsuite> <!-- testCases.TC8_AddGiftCard -->
