<?xml version="1.0" encoding="UTF-8"?>
<!-- Generated by org.testng.reporters.JUnitReportReporter -->
<testsuite skipped="0" hostname="DESKTOP-ATUIG88" name="testCases.TC2_coffeeMug" tests="1" failures="0" timestamp="20 Nov 2021 07:20:39 GMT" time="50.673" errors="0">
  <testcase name="coffee" time="50.673" classname="testCases.TC2_coffeeMug"/>
</testsuite> <!-- testCases.TC2_coffeeMug -->
