<?xml version="1.0" encoding="UTF-8"?>
<!-- Generated by org.testng.reporters.JUnitReportReporter -->
<testsuite skipped="0" hostname="DESKTOP-ATUIG88" name="testCases.TC6_18BdayGift" tests="1" failures="0" timestamp="20 Nov 2021 07:20:39 GMT" time="15.710" errors="0">
  <testcase name="coffee" time="15.710" classname="testCases.TC6_18BdayGift"/>
</testsuite> <!-- testCases.TC6_18BdayGift -->
