<?xml version="1.0" encoding="UTF-8"?>
<!-- Generated by org.testng.reporters.JUnitReportReporter -->
<testsuite skipped="0" hostname="DESKTOP-ATUIG88" name="testCases.TC5_pincode" tests="1" failures="0" timestamp="20 Nov 2021 07:20:39 GMT" time="22.160" errors="0">
  <testcase name="ChristmasGift" time="22.160" classname="testCases.TC5_pincode"/>
</testsuite> <!-- testCases.TC5_pincode -->
