<?xml version="1.0" encoding="UTF-8"?>
<!-- Generated by org.testng.reporters.JUnitReportReporter -->
<testsuite skipped="0" hostname="DESKTOP-ATUIG88" name="testCases.TC9_wishList" tests="1" failures="0" timestamp="20 Nov 2021 07:20:39 GMT" time="31.199" errors="0">
  <testcase name="TC9_wishList" time="31.199" classname="testCases.TC9_wishList"/>
</testsuite> <!-- testCases.TC9_wishList -->
