<?xml version="1.0" encoding="UTF-8"?>
<!-- Generated by org.testng.reporters.JUnitReportReporter -->
<testsuite skipped="0" hostname="DESKTOP-ATUIG88" name="testCases.TC3_Gifts" tests="1" failures="0" timestamp="20 Nov 2021 07:20:39 GMT" time="22.416" errors="0">
  <testcase name="coffee" time="22.416" classname="testCases.TC3_Gifts"/>
</testsuite> <!-- testCases.TC3_Gifts -->
